[debug] [2021-07-24T11:17:08.461Z] ----------------------------------------------------------------------
[debug] [2021-07-24T11:17:08.464Z] Command:       C:\Program Files\nodejs\node.exe C:\Users\Shubham\AppData\Roaming\npm\node_modules\firebase-tools\lib\bin\firebase.js init
[debug] [2021-07-24T11:17:08.464Z] CLI Version:   9.16.0
[debug] [2021-07-24T11:17:08.464Z] Platform:      win32
[debug] [2021-07-24T11:17:08.464Z] Node Version:  v12.16.3
[debug] [2021-07-24T11:17:08.466Z] Time:          Sat Jul 24 2021 16:47:08 GMT+0530 (India Standard Time)
[debug] [2021-07-24T11:17:08.466Z] ----------------------------------------------------------------------
[debug] 
[debug] [2021-07-24T11:17:08.474Z] > command requires scopes: ["email","openid","https://www.googleapis.com/auth/cloudplatformprojects.readonly","https://www.googleapis.com/auth/firebase","https://www.googleapis.com/auth/cloud-platform"]
[debug] [2021-07-24T11:17:08.474Z] > authorizing via signed-in user (shubhamyennawar143@gmail.com)
[info] 
     ######## #### ########  ######## ########     ###     ######  ########
     ##        ##  ##     ## ##       ##     ##  ##   ##  ##       ##
     ######    ##  ########  ######   ########  #########  ######  ######
     ##        ##  ##    ##  ##       ##     ## ##     ##       ## ##
     ##       #### ##     ## ######## ########  ##     ##  ######  ########

You're about to initialize a Firebase project in this directory:

  C:\Users\Shubham\Desktop\Chirag

[info] 
=== Project Setup
[info] 
[info] First, let's associate this project directory with a Firebase project.
[info] You can create multiple project aliases by running firebase use --add, 
[info] but for now we'll just set up a default project.
[info] 
[debug] [2021-07-24T11:18:26.277Z] >>> [apiv2][query] GET https://firebase.googleapis.com/v1beta1/projects pageSize=100
[debug] [2021-07-24T11:18:27.013Z] <<< [apiv2][status] GET https://firebase.googleapis.com/v1beta1/projects 200
[debug] [2021-07-24T11:18:27.013Z] <<< [apiv2][body] GET https://firebase.googleapis.com/v1beta1/projects [omitted]
[info] i  Using project test-project-1-320615 (Test project 1) 
[info] 
=== Hosting:github Setup
[info] 
[info] i  Didn't detect a .git folder. Assuming C:\Users\Shubham\Desktop\Chirag is the project root. 
[info] i  Authorizing with GitHub to upload your service account to a GitHub repository's secrets store. 
[info] 
[info] Visit this URL on this device to log in:
[info] https://github.com/login/oauth/authorize?client_id=89cf50f02ac6aaed3484&state=970938724&redirect_uri=http%3A%2F%2Flocalhost%3A9005&scope=read%3Auser%20repo%20public_repo
[info] 
[info] Waiting for authentication...
[debug] [2021-07-24T11:19:11.299Z] >>> HTTP REQUEST POST https://github.com/login/oauth/access_token  
 {"client_id":"89cf50f02ac6aaed3484","client_secret":"3330d14abc895d9a74d5f17cd7a00711fa2c5bf0","code":"907b207db6e811282813","redirect_uri":"http://localhost:9005","state":"970938724"}
[debug] [2021-07-24T11:19:11.822Z] <<< HTTP RESPONSE 200 {"server":"GitHub.com","date":"Sat, 24 Jul 2021 11:19:06 GMT","content-type":"application/json; charset=utf-8","transfer-encoding":"chunked","vary":"X-PJAX, Accept-Encoding, Accept, X-Requested-With","permissions-policy":"interest-cohort=()","etag":"W/\"b7ecde4401b6f531cabf989b3ac54fb8\"","cache-control":"max-age=0, private, must-revalidate","strict-transport-security":"max-age=31536000; includeSubdomains; preload","x-frame-options":"deny","x-content-type-options":"nosniff","x-xss-protection":"0","referrer-policy":"origin-when-cross-origin, strict-origin-when-cross-origin","expect-ct":"max-age=2592000, report-uri=\"https://api.github.com/_private/browser/errors\"","content-security-policy":"default-src 'none'; base-uri 'self'; block-all-mixed-content; connect-src 'self' uploads.github.com www.githubstatus.com collector.githubapp.com api.github.com github-cloud.s3.amazonaws.com github-production-repository-file-5c1aeb.s3.amazonaws.com github-production-upload-manifest-file-7fdce7.s3.amazonaws.com github-production-user-asset-6210df.s3.amazonaws.com cdn.optimizely.com logx.optimizely.com/v1/events translator.github.com wss://alive.github.com; font-src github.githubassets.com; form-action 'self' github.com gist.github.com; frame-ancestors 'none'; frame-src render.githubusercontent.com render-temp.githubusercontent.com viewscreen.githubusercontent.com; img-src 'self' data: github.githubassets.com identicons.github.com collector.githubapp.com github-cloud.s3.amazonaws.com secured-user-images.githubusercontent.com/ *.githubusercontent.com; manifest-src 'self'; media-src 'none'; script-src github.githubassets.com; style-src 'unsafe-inline' github.githubassets.com; worker-src github.com/socket-worker-3f088aa2.js gist.github.com/socket-worker-3f088aa2.js","x-github-request-id":"D579:532F:E456E:16E911:60FBF72A"}
[debug] [2021-07-24T11:19:11.836Z] >>> [apiv2][query] GET https://api.github.com/user [none]
[debug] [2021-07-24T11:19:12.387Z] <<< [apiv2][status] GET https://api.github.com/user 200
[debug] [2021-07-24T11:19:12.389Z] <<< [apiv2][body] GET https://api.github.com/user {"login":"Shubham213","id":41115135,"node_id":"MDQ6VXNlcjQxMTE1MTM1","avatar_url":"https://avatars.githubusercontent.com/u/41115135?v=4","gravatar_id":"","url":"https://api.github.com/users/Shubham213","html_url":"https://github.com/Shubham213","followers_url":"https://api.github.com/users/Shubham213/followers","following_url":"https://api.github.com/users/Shubham213/following{/other_user}","gists_url":"https://api.github.com/users/Shubham213/gists{/gist_id}","starred_url":"https://api.github.com/users/Shubham213/starred{/owner}{/repo}","subscriptions_url":"https://api.github.com/users/Shubham213/subscriptions","organizations_url":"https://api.github.com/users/Shubham213/orgs","repos_url":"https://api.github.com/users/Shubham213/repos","events_url":"https://api.github.com/users/Shubham213/events{/privacy}","received_events_url":"https://api.github.com/users/Shubham213/received_events","type":"User","site_admin":false,"name":"Abhimanyu","company":"Racerfly","blog":"racerfly.com","location":"India","email":null,"hireable":null,"bio":"Believe in you, and you're all set\r\nwww.linkedin.com/in/itsyeshu","twitter_username":null,"public_repos":11,"public_gists":0,"followers":1,"following":0,"created_at":"2018-07-11T12:07:37Z","updated_at":"2021-07-24T11:19:01Z","private_gists":0,"total_private_repos":6,"owned_private_repos":6,"disk_usage":1097812,"collaborators":3,"two_factor_authentication":true,"plan":{"name":"pro","space":976562499,"collaborators":0,"private_repos":9999}}
[info] 
[info] +  Success! Logged into GitHub as Shubham213 
[info] 
